2016-09-08 18:16:14 DEBUG App:74 - Start application
2016-09-08 18:16:14 DEBUG App:92 - initRootLayout
2016-09-08 18:16:14 DEBUG App:188 - getViewURL: view/Main.fxml
2016-09-08 18:16:14 DEBUG App:112 - showPersonOverview
2016-09-08 18:16:14 DEBUG App:188 - getViewURL: view/PersonOverview.fxml
2016-09-08 18:16:14 DEBUG PersonOverviewController:65 - created
2016-09-08 18:16:15 DEBUG PersonOverviewController:88 - initialize
2016-09-08 18:16:15 DEBUG PersonOverviewController:169 - showPersonDetails
2016-09-08 18:16:15 DEBUG PersonOverviewController:182 - Clear fileds
2016-09-08 18:16:15 DEBUG PersonOverviewController:74 - setMainApp
2016-09-08 19:05:15 DEBUG App:82 - Start application
2016-09-08 19:05:15 DEBUG App:100 - initRootLayout
2016-09-08 19:05:15 DEBUG App:300 - getViewURL: view/Main.fxml
2016-09-08 19:05:16 DEBUG App:124 - showPersonOverview
2016-09-08 19:05:16 DEBUG App:300 - getViewURL: view/PersonOverview.fxml
2016-09-08 19:05:16 DEBUG PersonOverviewController:65 - created
2016-09-08 19:05:16 DEBUG PersonOverviewController:88 - initialize
2016-09-08 19:05:16 DEBUG PersonOverviewController:169 - showPersonDetails
2016-09-08 19:05:16 DEBUG PersonOverviewController:182 - Clear fileds
2016-09-08 19:05:16 DEBUG PersonOverviewController:74 - setMainApp
2016-09-08 19:08:16 DEBUG App:82 - Start application
2016-09-08 19:08:16 DEBUG App:100 - initRootLayout
2016-09-08 19:08:16 DEBUG App:300 - getViewURL: view/Main.fxml
2016-09-08 19:08:16 DEBUG App:124 - showPersonOverview
2016-09-08 19:08:16 DEBUG App:300 - getViewURL: view/PersonOverview.fxml
2016-09-08 19:08:16 DEBUG PersonOverviewController:65 - created
2016-09-08 19:08:17 DEBUG PersonOverviewController:88 - initialize
2016-09-08 19:08:17 DEBUG PersonOverviewController:169 - showPersonDetails
2016-09-08 19:08:17 DEBUG PersonOverviewController:182 - Clear fileds
2016-09-08 19:08:17 DEBUG PersonOverviewController:74 - setMainApp
2016-09-08 19:09:01 DEBUG App:82 - Start application
2016-09-08 19:09:01 DEBUG App:100 - initRootLayout
2016-09-08 19:09:01 DEBUG App:300 - getViewURL: view/Main.fxml
2016-09-08 19:09:01 DEBUG App:124 - showPersonOverview
2016-09-08 19:09:01 DEBUG App:300 - getViewURL: view/PersonOverview.fxml
2016-09-08 19:09:01 DEBUG PersonOverviewController:65 - created
2016-09-08 19:09:02 DEBUG PersonOverviewController:88 - initialize
2016-09-08 19:09:02 DEBUG PersonOverviewController:169 - showPersonDetails
2016-09-08 19:09:02 DEBUG PersonOverviewController:182 - Clear fileds
2016-09-08 19:09:02 DEBUG PersonOverviewController:74 - setMainApp
2016-09-08 19:09:44 DEBUG App:82 - Start application
2016-09-08 19:09:44 DEBUG App:100 - initRootLayout
2016-09-08 19:09:44 DEBUG App:300 - getViewURL: view/Main.fxml
2016-09-08 19:09:45 DEBUG App:124 - showPersonOverview
2016-09-08 19:09:45 DEBUG App:300 - getViewURL: view/PersonOverview.fxml
2016-09-08 19:09:45 DEBUG PersonOverviewController:65 - created
2016-09-08 19:09:45 DEBUG PersonOverviewController:88 - initialize
2016-09-08 19:09:45 DEBUG PersonOverviewController:169 - showPersonDetails
2016-09-08 19:09:45 DEBUG PersonOverviewController:182 - Clear fileds
2016-09-08 19:09:45 DEBUG PersonOverviewController:74 - setMainApp
2016-09-08 19:12:46 DEBUG App:82 - Start application
2016-09-08 19:12:46 DEBUG App:100 - initRootLayout
2016-09-08 19:12:46 DEBUG App:300 - getViewURL: view/Main.fxml
2016-09-08 19:12:47 DEBUG App:124 - showPersonOverview
2016-09-08 19:12:47 DEBUG App:300 - getViewURL: view/PersonOverview.fxml
2016-09-08 19:12:47 DEBUG PersonOverviewController:65 - created
2016-09-08 19:12:47 DEBUG PersonOverviewController:88 - initialize
2016-09-08 19:12:47 DEBUG PersonOverviewController:169 - showPersonDetails
2016-09-08 19:12:47 DEBUG PersonOverviewController:182 - Clear fileds
2016-09-08 19:12:47 DEBUG PersonOverviewController:74 - setMainApp
2016-09-08 19:15:01 DEBUG App:82 - Start application
2016-09-08 19:15:01 DEBUG App:100 - initRootLayout
2016-09-08 19:15:02 DEBUG App:303 - getViewURL: view/Main.fxml
2016-09-08 19:15:02 DEBUG App:124 - showPersonOverview
2016-09-08 19:15:02 DEBUG App:303 - getViewURL: view/PersonOverview.fxml
2016-09-08 19:15:02 DEBUG PersonOverviewController:65 - created
2016-09-08 19:15:02 DEBUG PersonOverviewController:88 - initialize
2016-09-08 19:15:02 DEBUG PersonOverviewController:169 - showPersonDetails
2016-09-08 19:15:02 DEBUG PersonOverviewController:182 - Clear fileds
2016-09-08 19:15:02 DEBUG PersonOverviewController:74 - setMainApp
2016-09-08 19:15:09 DEBUG App:237 - Registry File saved: /home/user/Progects/tes.xml
2016-09-08 19:15:43 DEBUG App:82 - Start application
2016-09-08 19:15:43 DEBUG App:100 - initRootLayout
2016-09-08 19:15:43 DEBUG App:303 - getViewURL: view/Main.fxml
2016-09-08 19:15:44 DEBUG App:124 - showPersonOverview
2016-09-08 19:15:44 DEBUG App:303 - getViewURL: view/PersonOverview.fxml
2016-09-08 19:15:44 DEBUG PersonOverviewController:65 - created
2016-09-08 19:15:44 DEBUG PersonOverviewController:88 - initialize
2016-09-08 19:15:44 DEBUG PersonOverviewController:169 - showPersonDetails
2016-09-08 19:15:44 DEBUG PersonOverviewController:182 - Clear fileds
2016-09-08 19:15:44 DEBUG PersonOverviewController:74 - setMainApp
2016-09-08 19:15:50 DEBUG App:237 - Registry File saved: /home/user/Progects/tes.xml
2016-09-08 19:15:51 DEBUG PersonOverviewController:169 - showPersonDetails
2016-09-08 19:15:52 DEBUG PersonOverviewController:169 - showPersonDetails
2016-09-08 19:15:54 DEBUG PersonOverviewController:169 - showPersonDetails
2016-09-08 19:15:56 DEBUG PersonOverviewController:142 - handleEditPerson
2016-09-08 19:15:56 DEBUG App:303 - getViewURL: view/PersonEditDialog.fxml
2016-09-08 19:15:56 DEBUG PersonEditDialogController:62 - setPerson Hans
2016-09-08 19:16:06 DEBUG PersonEditDialogController:89 - handleOk
2016-09-08 19:16:06 DEBUG PersonEditDialogController:80 - isOkClicked true
2016-09-08 19:16:06 DEBUG PersonOverviewController:169 - showPersonDetails
2016-09-08 19:16:11 DEBUG App:210 - Registry File getted: /home/user/Progects/tes.xml
2016-09-08 19:16:11 DEBUG App:289 - File saved: /home/user/Progects/tes.xml
2016-09-08 19:16:11 DEBUG App:237 - Registry File saved: /home/user/Progects/tes.xml
2016-09-08 19:16:16 DEBUG App:82 - Start application
2016-09-08 19:16:16 DEBUG App:100 - initRootLayout
2016-09-08 19:16:16 DEBUG App:303 - getViewURL: view/Main.fxml
2016-09-08 19:16:17 DEBUG App:124 - showPersonOverview
2016-09-08 19:16:17 DEBUG App:303 - getViewURL: view/PersonOverview.fxml
2016-09-08 19:16:17 DEBUG PersonOverviewController:65 - created
2016-09-08 19:16:17 DEBUG PersonOverviewController:88 - initialize
2016-09-08 19:16:17 DEBUG PersonOverviewController:169 - showPersonDetails
2016-09-08 19:16:17 DEBUG PersonOverviewController:182 - Clear fileds
2016-09-08 19:16:17 DEBUG PersonOverviewController:74 - setMainApp
2016-09-08 19:16:26 DEBUG App:237 - Registry File saved: /home/user/Progects/tes.xml
2016-09-08 19:17:38 DEBUG App:82 - Start application
2016-09-08 19:17:38 DEBUG App:100 - initRootLayout
2016-09-08 19:17:38 DEBUG App:303 - getViewURL: view/Main.fxml
2016-09-08 19:17:38 DEBUG App:124 - showPersonOverview
2016-09-08 19:17:38 DEBUG App:303 - getViewURL: view/PersonOverview.fxml
2016-09-08 19:17:38 DEBUG PersonOverviewController:65 - created
2016-09-08 19:17:38 DEBUG PersonOverviewController:88 - initialize
2016-09-08 19:17:38 DEBUG PersonOverviewController:169 - showPersonDetails
2016-09-08 19:17:38 DEBUG PersonOverviewController:182 - Clear fileds
2016-09-08 19:17:38 DEBUG PersonOverviewController:74 - setMainApp
2016-09-08 19:19:05 DEBUG App:82 - Start application
2016-09-08 19:19:05 DEBUG App:105 - initRootLayout
2016-09-08 19:19:05 DEBUG App:308 - getViewURL: view/Main.fxml
2016-09-08 19:19:06 DEBUG App:129 - showPersonOverview
2016-09-08 19:19:06 DEBUG App:308 - getViewURL: view/PersonOverview.fxml
2016-09-08 19:19:06 DEBUG PersonOverviewController:65 - created
2016-09-08 19:19:06 DEBUG PersonOverviewController:88 - initialize
2016-09-08 19:19:06 DEBUG PersonOverviewController:169 - showPersonDetails
2016-09-08 19:19:06 DEBUG PersonOverviewController:182 - Clear fileds
2016-09-08 19:19:06 DEBUG PersonOverviewController:74 - setMainApp
2016-09-08 19:19:06 DEBUG App:215 - Registry File getted: /home/user/Progects/tes.xml
2016-09-08 19:19:06 DEBUG App:242 - Registry File saved: /home/user/Progects/tes.xml
2016-09-08 19:32:43 DEBUG App:83 - Start application
2016-09-08 19:32:43 DEBUG App:106 - initRootLayout
2016-09-08 19:32:43 DEBUG App:336 - getViewURL: view/Main.fxml
2016-09-08 19:32:44 DEBUG App:130 - showPersonOverview
2016-09-08 19:32:44 DEBUG App:336 - getViewURL: view/PersonOverview.fxml
2016-09-08 19:32:44 DEBUG PersonOverviewController:65 - created
2016-09-08 19:32:44 DEBUG PersonOverviewController:88 - initialize
2016-09-08 19:32:44 DEBUG PersonOverviewController:169 - showPersonDetails
2016-09-08 19:32:44 DEBUG PersonOverviewController:182 - Clear fileds
2016-09-08 19:32:44 DEBUG PersonOverviewController:74 - setMainApp
2016-09-08 19:32:44 DEBUG App:216 - Registry File getted: /home/user/Progects/tes.xml
2016-09-08 19:32:44 DEBUG App:232 - Registry File saved: /home/user/Progects/tes.xml
2016-09-08 19:33:07 DEBUG App:83 - Start application
2016-09-08 19:33:07 DEBUG App:106 - initRootLayout
2016-09-08 19:33:07 DEBUG App:336 - getViewURL: view/Main.fxml
2016-09-08 19:33:07 DEBUG App:130 - showPersonOverview
2016-09-08 19:33:07 DEBUG App:336 - getViewURL: view/PersonOverview.fxml
2016-09-08 19:33:07 DEBUG PersonOverviewController:65 - created
2016-09-08 19:33:07 DEBUG PersonOverviewController:88 - initialize
2016-09-08 19:33:07 DEBUG PersonOverviewController:169 - showPersonDetails
2016-09-08 19:33:07 DEBUG PersonOverviewController:182 - Clear fileds
2016-09-08 19:33:07 DEBUG PersonOverviewController:74 - setMainApp
2016-09-08 19:33:07 DEBUG App:216 - Registry File getted: /home/user/Progects/tes.xml
2016-09-08 19:33:08 DEBUG App:232 - Registry File saved: /home/user/Progects/tes.xml
2016-09-08 19:34:04 DEBUG App:83 - Start application
2016-09-08 19:34:04 DEBUG App:106 - initRootLayout
2016-09-08 19:34:04 DEBUG App:336 - getViewURL: view/Main.fxml
2016-09-08 19:34:05 DEBUG App:130 - showPersonOverview
2016-09-08 19:34:05 DEBUG App:336 - getViewURL: view/PersonOverview.fxml
2016-09-08 19:34:05 DEBUG PersonOverviewController:65 - created
2016-09-08 19:34:05 DEBUG PersonOverviewController:88 - initialize
2016-09-08 19:34:05 DEBUG PersonOverviewController:169 - showPersonDetails
2016-09-08 19:34:05 DEBUG PersonOverviewController:182 - Clear fileds
2016-09-08 19:34:05 DEBUG PersonOverviewController:74 - setMainApp
2016-09-08 19:34:05 DEBUG App:216 - Registry File getted: /home/user/Progects/tes.xml
2016-09-08 19:34:05 DEBUG App:232 - Registry File saved: /home/user/Progects/tes.xml
2016-09-08 19:34:45 DEBUG App:83 - Start application
2016-09-08 19:34:45 DEBUG App:106 - initRootLayout
2016-09-08 19:34:45 DEBUG App:336 - getViewURL: view/Main.fxml
2016-09-08 19:34:45 DEBUG App:130 - showPersonOverview
2016-09-08 19:34:45 DEBUG App:336 - getViewURL: view/PersonOverview.fxml
2016-09-08 19:34:45 DEBUG PersonOverviewController:65 - created
2016-09-08 19:34:45 DEBUG PersonOverviewController:88 - initialize
2016-09-08 19:34:45 DEBUG PersonOverviewController:169 - showPersonDetails
2016-09-08 19:34:45 DEBUG PersonOverviewController:182 - Clear fileds
2016-09-08 19:34:45 DEBUG PersonOverviewController:74 - setMainApp
2016-09-08 19:34:45 DEBUG App:216 - Registry File getted: /home/user/Progects/tes.xml
2016-09-08 19:34:46 DEBUG App:232 - Registry File saved: /home/user/Progects/tes.xml
2016-09-08 19:34:49 ERROR App:269 - javafx.fxml.LoadException: 
/home/user/Progects/clientconsole/target/classes/com/javafxexample/view/BirthdayStatistics.fxml:13

2016-09-08 19:34:52 ERROR App:269 - javafx.fxml.LoadException: 
/home/user/Progects/clientconsole/target/classes/com/javafxexample/view/BirthdayStatistics.fxml:13

2016-09-08 19:34:58 DEBUG App:83 - Start application
2016-09-08 19:34:58 DEBUG App:106 - initRootLayout
2016-09-08 19:34:58 DEBUG App:336 - getViewURL: view/Main.fxml
2016-09-08 19:34:59 DEBUG App:130 - showPersonOverview
2016-09-08 19:34:59 DEBUG App:336 - getViewURL: view/PersonOverview.fxml
2016-09-08 19:34:59 DEBUG PersonOverviewController:65 - created
2016-09-08 19:34:59 DEBUG PersonOverviewController:88 - initialize
2016-09-08 19:34:59 DEBUG PersonOverviewController:169 - showPersonDetails
2016-09-08 19:34:59 DEBUG PersonOverviewController:182 - Clear fileds
2016-09-08 19:34:59 DEBUG PersonOverviewController:74 - setMainApp
2016-09-08 19:34:59 DEBUG App:216 - Registry File getted: /home/user/Progects/tes.xml
2016-09-08 19:34:59 DEBUG App:232 - Registry File saved: /home/user/Progects/tes.xml
2016-09-08 19:35:13 ERROR App:269 - javafx.fxml.LoadException: 
/home/user/Progects/clientconsole/target/classes/com/javafxexample/view/BirthdayStatistics.fxml:13

2016-09-08 19:36:38 DEBUG App:83 - Start application
2016-09-08 19:36:38 DEBUG App:106 - initRootLayout
2016-09-08 19:36:38 DEBUG App:336 - getViewURL: view/Main.fxml
2016-09-08 19:36:39 DEBUG App:130 - showPersonOverview
2016-09-08 19:36:39 DEBUG App:336 - getViewURL: view/PersonOverview.fxml
2016-09-08 19:36:39 DEBUG PersonOverviewController:65 - created
2016-09-08 19:36:39 DEBUG PersonOverviewController:88 - initialize
2016-09-08 19:36:39 DEBUG PersonOverviewController:169 - showPersonDetails
2016-09-08 19:36:39 DEBUG PersonOverviewController:182 - Clear fileds
2016-09-08 19:36:39 DEBUG PersonOverviewController:74 - setMainApp
2016-09-08 19:36:39 DEBUG App:216 - Registry File getted: /home/user/Progects/tes.xml
2016-09-08 19:36:39 DEBUG App:232 - Registry File saved: /home/user/Progects/tes.xml
2016-09-08 19:36:43 DEBUG App:336 - getViewURL: view/BirthdayStatistics.fxml
2016-09-08 19:36:43 ERROR App:269 - javafx.fxml.LoadException: 
/home/user/Progects/clientconsole/target/classes/com/javafxexample/view/BirthdayStatistics.fxml:13

2016-09-08 19:37:46 DEBUG App:83 - Start application
2016-09-08 19:37:46 DEBUG App:106 - initRootLayout
2016-09-08 19:37:46 DEBUG App:336 - getViewURL: view/Main.fxml
2016-09-08 19:37:46 DEBUG App:130 - showPersonOverview
2016-09-08 19:37:46 DEBUG App:336 - getViewURL: view/PersonOverview.fxml
2016-09-08 19:37:46 DEBUG PersonOverviewController:65 - created
2016-09-08 19:37:46 DEBUG PersonOverviewController:88 - initialize
2016-09-08 19:37:46 DEBUG PersonOverviewController:169 - showPersonDetails
2016-09-08 19:37:46 DEBUG PersonOverviewController:182 - Clear fileds
2016-09-08 19:37:46 DEBUG PersonOverviewController:74 - setMainApp
2016-09-08 19:37:46 DEBUG App:216 - Registry File getted: /home/user/Progects/tes.xml
2016-09-08 19:37:46 DEBUG App:232 - Registry File saved: /home/user/Progects/tes.xml
2016-09-08 19:37:51 DEBUG App:336 - getViewURL: view/BirthdayStatistics.fxml
2016-09-08 19:37:51 ERROR App:269 - javafx.fxml.LoadException: 
/home/user/Progects/clientconsole/target/classes/com/javafxexample/view/BirthdayStatistics.fxml:13

2016-09-08 19:42:24 DEBUG App:83 - Start application
2016-09-08 19:42:24 DEBUG App:106 - initRootLayout
2016-09-08 19:42:24 DEBUG App:336 - getViewURL: view/Main.fxml
2016-09-08 19:42:25 DEBUG App:130 - showPersonOverview
2016-09-08 19:42:25 DEBUG App:336 - getViewURL: view/PersonOverview.fxml
2016-09-08 19:42:25 DEBUG PersonOverviewController:65 - created
2016-09-08 19:42:25 DEBUG PersonOverviewController:88 - initialize
2016-09-08 19:42:25 DEBUG PersonOverviewController:169 - showPersonDetails
2016-09-08 19:42:25 DEBUG PersonOverviewController:182 - Clear fileds
2016-09-08 19:42:25 DEBUG PersonOverviewController:74 - setMainApp
2016-09-08 19:42:25 DEBUG App:216 - Registry File getted: /home/user/Progects/tes.xml
2016-09-08 19:42:25 DEBUG App:232 - Registry File saved: /home/user/Progects/tes.xml
2016-09-08 19:42:31 DEBUG App:336 - getViewURL: view/BirthdayStatistics.fxml
2016-09-08 19:43:16 DEBUG App:83 - Start application
2016-09-08 19:43:16 DEBUG App:106 - initRootLayout
2016-09-08 19:43:16 DEBUG App:336 - getViewURL: view/Main.fxml
2016-09-08 19:43:17 DEBUG App:130 - showPersonOverview
2016-09-08 19:43:17 DEBUG App:336 - getViewURL: view/PersonOverview.fxml
2016-09-08 19:43:17 DEBUG PersonOverviewController:65 - created
2016-09-08 19:43:17 DEBUG PersonOverviewController:88 - initialize
2016-09-08 19:43:17 DEBUG PersonOverviewController:169 - showPersonDetails
2016-09-08 19:43:17 DEBUG PersonOverviewController:182 - Clear fileds
2016-09-08 19:43:17 DEBUG PersonOverviewController:74 - setMainApp
2016-09-08 19:43:17 DEBUG App:216 - Registry File getted: /home/user/Progects/tes.xml
2016-09-08 19:43:17 DEBUG App:232 - Registry File saved: /home/user/Progects/tes.xml
2016-09-08 19:43:23 DEBUG App:336 - getViewURL: view/BirthdayStatistics.fxml
2016-09-08 19:44:22 DEBUG App:83 - Start application
2016-09-08 19:44:22 DEBUG App:106 - initRootLayout
2016-09-08 19:44:22 DEBUG App:336 - getViewURL: view/Main.fxml
2016-09-08 19:44:23 DEBUG App:130 - showPersonOverview
2016-09-08 19:44:23 DEBUG App:336 - getViewURL: view/PersonOverview.fxml
2016-09-08 19:44:23 DEBUG PersonOverviewController:65 - created
2016-09-08 19:44:23 DEBUG PersonOverviewController:88 - initialize
2016-09-08 19:44:23 DEBUG PersonOverviewController:169 - showPersonDetails
2016-09-08 19:44:23 DEBUG PersonOverviewController:182 - Clear fileds
2016-09-08 19:44:23 DEBUG PersonOverviewController:74 - setMainApp
2016-09-08 19:44:23 DEBUG App:216 - Registry File getted: /home/user/Progects/tes.xml
2016-09-08 19:44:23 DEBUG App:232 - Registry File saved: /home/user/Progects/tes.xml
2016-09-08 19:44:28 DEBUG App:336 - getViewURL: view/BirthdayStatistics.fxml
2016-09-08 19:45:02 DEBUG App:83 - Start application
2016-09-08 19:45:02 DEBUG App:106 - initRootLayout
2016-09-08 19:45:02 DEBUG App:336 - getViewURL: view/Main.fxml
2016-09-08 19:45:03 DEBUG App:130 - showPersonOverview
2016-09-08 19:45:03 DEBUG App:336 - getViewURL: view/PersonOverview.fxml
2016-09-08 19:45:03 DEBUG PersonOverviewController:65 - created
2016-09-08 19:45:03 DEBUG PersonOverviewController:88 - initialize
2016-09-08 19:45:03 DEBUG PersonOverviewController:169 - showPersonDetails
2016-09-08 19:45:03 DEBUG PersonOverviewController:182 - Clear fileds
2016-09-08 19:45:03 DEBUG PersonOverviewController:74 - setMainApp
2016-09-08 19:45:03 DEBUG App:216 - Registry File getted: /home/user/Progects/tes.xml
2016-09-08 19:45:03 DEBUG App:232 - Registry File saved: /home/user/Progects/tes.xml
2016-09-08 19:45:09 DEBUG App:336 - getViewURL: view/BirthdayStatistics.fxml
2016-09-08 19:45:18 ERROR App:269 - javafx.fxml.LoadException: 
/home/user/Progects/clientconsole/target/classes/com/javafxexample/view/BirthdayStatistics.fxml:13

2016-09-08 19:46:14 DEBUG App:83 - Start application
2016-09-08 19:46:14 DEBUG App:106 - initRootLayout
2016-09-08 19:46:14 DEBUG App:336 - getViewURL: view/Main.fxml
2016-09-08 19:46:15 DEBUG App:130 - showPersonOverview
2016-09-08 19:46:15 DEBUG App:336 - getViewURL: view/PersonOverview.fxml
2016-09-08 19:46:15 DEBUG PersonOverviewController:65 - created
2016-09-08 19:46:15 DEBUG PersonOverviewController:88 - initialize
2016-09-08 19:46:15 DEBUG PersonOverviewController:169 - showPersonDetails
2016-09-08 19:46:15 DEBUG PersonOverviewController:182 - Clear fileds
2016-09-08 19:46:15 DEBUG PersonOverviewController:74 - setMainApp
2016-09-08 19:46:15 DEBUG App:216 - Registry File getted: /home/user/Progects/tes.xml
2016-09-08 19:46:15 DEBUG App:232 - Registry File saved: /home/user/Progects/tes.xml
2016-09-08 19:46:21 DEBUG App:336 - getViewURL: view/BirthdayStatistics.fxml
2016-09-08 19:46:58 DEBUG App:83 - Start application
2016-09-08 19:46:58 DEBUG App:106 - initRootLayout
2016-09-08 19:46:58 DEBUG App:336 - getViewURL: view/Main.fxml
2016-09-08 19:46:58 DEBUG App:130 - showPersonOverview
2016-09-08 19:46:58 DEBUG App:336 - getViewURL: view/PersonOverview.fxml
2016-09-08 19:46:58 DEBUG PersonOverviewController:65 - created
2016-09-08 19:46:59 DEBUG PersonOverviewController:88 - initialize
2016-09-08 19:46:59 DEBUG PersonOverviewController:169 - showPersonDetails
2016-09-08 19:46:59 DEBUG PersonOverviewController:182 - Clear fileds
2016-09-08 19:46:59 DEBUG PersonOverviewController:74 - setMainApp
2016-09-08 19:46:59 DEBUG App:216 - Registry File getted: /home/user/Progects/tes.xml
2016-09-08 19:46:59 DEBUG App:232 - Registry File saved: /home/user/Progects/tes.xml
2016-09-08 19:47:03 DEBUG App:336 - getViewURL: view/BirthdayStatistics.fxml
2016-09-08 19:47:04 ERROR App:269 - javafx.fxml.LoadException: 
/home/user/Progects/clientconsole/target/classes/com/javafxexample/view/BirthdayStatistics.fxml:13

2016-09-08 19:47:27 DEBUG App:83 - Start application
2016-09-08 19:47:27 DEBUG App:106 - initRootLayout
2016-09-08 19:47:27 DEBUG App:336 - getViewURL: view/Main.fxml
2016-09-08 19:47:28 DEBUG App:130 - showPersonOverview
2016-09-08 19:47:28 DEBUG App:336 - getViewURL: view/PersonOverview.fxml
2016-09-08 19:47:28 DEBUG PersonOverviewController:65 - created
2016-09-08 19:47:28 DEBUG PersonOverviewController:88 - initialize
2016-09-08 19:47:28 DEBUG PersonOverviewController:169 - showPersonDetails
2016-09-08 19:47:28 DEBUG PersonOverviewController:182 - Clear fileds
2016-09-08 19:47:28 DEBUG PersonOverviewController:74 - setMainApp
2016-09-08 19:47:28 DEBUG App:216 - Registry File getted: /home/user/Progects/tes.xml
2016-09-08 19:47:28 DEBUG App:232 - Registry File saved: /home/user/Progects/tes.xml
2016-09-08 19:47:34 DEBUG App:336 - getViewURL: view/BirthdayStatistics.fxml
2016-09-08 19:48:29 DEBUG App:83 - Start application
2016-09-08 19:48:29 DEBUG App:106 - initRootLayout
2016-09-08 19:48:29 DEBUG App:336 - getViewURL: view/Main.fxml
2016-09-08 19:48:29 DEBUG App:130 - showPersonOverview
2016-09-08 19:48:29 DEBUG App:336 - getViewURL: view/PersonOverview.fxml
2016-09-08 19:48:29 DEBUG PersonOverviewController:65 - created
2016-09-08 19:48:29 DEBUG PersonOverviewController:88 - initialize
2016-09-08 19:48:29 DEBUG PersonOverviewController:169 - showPersonDetails
2016-09-08 19:48:29 DEBUG PersonOverviewController:182 - Clear fileds
2016-09-08 19:48:29 DEBUG PersonOverviewController:74 - setMainApp
2016-09-08 19:48:29 DEBUG App:216 - Registry File getted: /home/user/Progects/tes.xml
2016-09-08 19:48:30 DEBUG App:232 - Registry File saved: /home/user/Progects/tes.xml
2016-09-08 19:48:36 DEBUG App:336 - getViewURL: view/BirthdayStatistics.fxml
2016-09-08 19:49:02 DEBUG App:83 - Start application
2016-09-08 19:49:02 DEBUG App:106 - initRootLayout
2016-09-08 19:49:02 DEBUG App:336 - getViewURL: view/Main.fxml
2016-09-08 19:49:03 DEBUG App:130 - showPersonOverview
2016-09-08 19:49:03 DEBUG App:336 - getViewURL: view/PersonOverview.fxml
2016-09-08 19:49:03 DEBUG PersonOverviewController:65 - created
2016-09-08 19:49:03 DEBUG PersonOverviewController:88 - initialize
2016-09-08 19:49:03 DEBUG PersonOverviewController:169 - showPersonDetails
2016-09-08 19:49:03 DEBUG PersonOverviewController:182 - Clear fileds
2016-09-08 19:49:03 DEBUG PersonOverviewController:74 - setMainApp
2016-09-08 19:49:03 DEBUG App:216 - Registry File getted: /home/user/Progects/tes.xml
2016-09-08 19:49:03 DEBUG App:232 - Registry File saved: /home/user/Progects/tes.xml
2016-09-08 19:49:05 DEBUG App:336 - getViewURL: view/BirthdayStatistics.fxml
2016-09-08 19:49:24 DEBUG App:83 - Start application
2016-09-08 19:49:24 DEBUG App:106 - initRootLayout
2016-09-08 19:49:24 DEBUG App:336 - getViewURL: view/Main.fxml
2016-09-08 19:49:25 DEBUG App:130 - showPersonOverview
2016-09-08 19:49:25 DEBUG App:336 - getViewURL: view/PersonOverview.fxml
2016-09-08 19:49:25 DEBUG PersonOverviewController:65 - created
2016-09-08 19:49:25 DEBUG PersonOverviewController:88 - initialize
2016-09-08 19:49:25 DEBUG PersonOverviewController:169 - showPersonDetails
2016-09-08 19:49:25 DEBUG PersonOverviewController:182 - Clear fileds
2016-09-08 19:49:25 DEBUG PersonOverviewController:74 - setMainApp
2016-09-08 19:49:25 DEBUG App:216 - Registry File getted: /home/user/Progects/tes.xml
2016-09-08 19:49:25 DEBUG App:232 - Registry File saved: /home/user/Progects/tes.xml
2016-09-08 19:49:28 DEBUG App:336 - getViewURL: view/BirthdayStatistics.fxml
2016-09-08 19:49:39 DEBUG App:336 - getViewURL: view/BirthdayStatistics.fxml
2016-09-08 19:50:21 DEBUG App:83 - Start application
2016-09-08 19:50:21 DEBUG App:106 - initRootLayout
2016-09-08 19:50:21 DEBUG App:336 - getViewURL: view/Main.fxml
2016-09-08 19:50:22 DEBUG App:130 - showPersonOverview
2016-09-08 19:50:22 DEBUG App:336 - getViewURL: view/PersonOverview.fxml
2016-09-08 19:50:22 DEBUG PersonOverviewController:65 - created
2016-09-08 19:50:22 DEBUG PersonOverviewController:88 - initialize
2016-09-08 19:50:22 DEBUG PersonOverviewController:169 - showPersonDetails
2016-09-08 19:50:22 DEBUG PersonOverviewController:182 - Clear fileds
2016-09-08 19:50:22 DEBUG PersonOverviewController:74 - setMainApp
2016-09-08 19:50:22 DEBUG App:216 - Registry File getted: /home/user/Progects/tes.xml
2016-09-08 19:50:22 DEBUG App:232 - Registry File saved: /home/user/Progects/tes.xml
2016-09-08 19:50:32 DEBUG App:322 - File saved: /home/user/Progects/tes.xml
2016-09-08 19:50:32 DEBUG App:232 - Registry File saved: /home/user/Progects/tes.xml
2016-09-08 19:51:57 DEBUG App:232 - Registry File saved: /home/user/Progects/clientconsole/tes.xml
2016-09-08 19:52:03 DEBUG App:336 - getViewURL: view/BirthdayStatistics.fxml
2016-09-08 19:52:27 DEBUG App:83 - Start application
2016-09-08 19:52:27 DEBUG App:106 - initRootLayout
2016-09-08 19:52:27 DEBUG App:336 - getViewURL: view/Main.fxml
2016-09-08 19:52:28 DEBUG App:130 - showPersonOverview
2016-09-08 19:52:28 DEBUG App:336 - getViewURL: view/PersonOverview.fxml
2016-09-08 19:52:28 DEBUG PersonOverviewController:65 - created
2016-09-08 19:52:28 DEBUG PersonOverviewController:88 - initialize
2016-09-08 19:52:28 DEBUG PersonOverviewController:169 - showPersonDetails
2016-09-08 19:52:28 DEBUG PersonOverviewController:182 - Clear fileds
2016-09-08 19:52:28 DEBUG PersonOverviewController:74 - setMainApp
2016-09-08 19:52:28 DEBUG App:216 - Registry File getted: /home/user/Progects/clientconsole/tes.xml
2016-09-08 19:52:28 DEBUG App:232 - Registry File saved: /home/user/Progects/clientconsole/tes.xml
2016-09-08 19:52:32 DEBUG App:336 - getViewURL: view/BirthdayStatistics.fxml
2016-09-08 20:15:05 DEBUG App:84 - Start application
2016-09-08 20:15:05 DEBUG App:107 - initRootLayout
2016-09-08 20:15:05 DEBUG App:322 - getViewURL: view/Main.fxml
2016-09-08 20:15:05 DEBUG App:131 - showPersonOverview
2016-09-08 20:15:05 DEBUG App:322 - getViewURL: view/PersonOverview.fxml
2016-09-08 20:15:05 DEBUG PersonOverviewController:65 - created
2016-09-08 20:15:05 DEBUG PersonOverviewController:88 - initialize
2016-09-08 20:15:05 DEBUG PersonOverviewController:169 - showPersonDetails
2016-09-08 20:15:05 DEBUG PersonOverviewController:182 - Clear fileds
2016-09-08 20:15:05 DEBUG PersonOverviewController:74 - setMainApp
2016-09-08 20:15:05 DEBUG App:217 - Registry File getted: /home/user/Progects/clientconsole/tes.xml
2016-09-09 16:56:27 DEBUG App:84 - Start application
2016-09-09 16:56:27 DEBUG App:107 - initRootLayout
2016-09-09 16:56:27 DEBUG App:322 - getViewURL: view/Main.fxml
2016-09-09 16:56:27 DEBUG App:131 - showPersonOverview
2016-09-09 16:56:27 DEBUG App:322 - getViewURL: view/PersonOverview.fxml
2016-09-09 16:56:27 DEBUG PersonOverviewController:65 - created
2016-09-09 16:56:27 DEBUG PersonOverviewController:88 - initialize
2016-09-09 16:56:27 DEBUG PersonOverviewController:169 - showPersonDetails
2016-09-09 16:56:27 DEBUG PersonOverviewController:182 - Clear fileds
2016-09-09 16:56:27 DEBUG PersonOverviewController:74 - setMainApp
2016-09-09 18:48:01 DEBUG App:32 - Starting the application
2016-09-09 18:48:36 DEBUG App:32 - Starting the application
2016-09-09 18:49:00 DEBUG App:32 - Starting the application
2016-09-09 18:51:01 DEBUG App:32 - Starting the application
2016-09-09 18:54:10 DEBUG App:32 - Starting the application
2016-09-09 18:56:42 DEBUG App:32 - Starting the application
2016-09-09 18:57:28 DEBUG App:32 - Starting the application
2016-09-09 18:57:48 DEBUG App:32 - Starting the application
2016-09-09 19:00:48 DEBUG App:32 - Starting the application
2016-09-09 19:03:13 DEBUG App:32 - Starting the application
2016-09-09 19:04:42 DEBUG App:32 - Starting the application
2016-09-10 14:18:33 DEBUG App:67 - initConfiguration
2016-09-10 14:18:33 DEBUG App:48 - initStage
2016-09-10 14:18:38 DEBUG App:43 - stop
2016-09-10 14:18:44 DEBUG App:67 - initConfiguration
2016-09-10 14:18:44 DEBUG App:48 - initStage
2016-09-10 14:18:51 DEBUG App:67 - initConfiguration
2016-09-10 14:18:51 DEBUG App:48 - initStage
2016-09-10 14:18:59 DEBUG App:43 - stop
2016-09-10 14:19:32 DEBUG App:67 - initConfiguration
2016-09-10 14:19:32 DEBUG App:48 - initStage
2016-09-10 14:19:50 DEBUG App:43 - stop
2016-09-10 15:49:23 DEBUG App:72 - initConfiguration
2016-09-10 15:49:23 DEBUG App:53 - initStage
2016-09-10 15:49:23 DEBUG StoreService:22 - init store
2016-09-10 15:49:23 DEBUG PersistanceController:17 - constructor
2016-09-10 15:49:23 DEBUG PersistanceController:24 - getSavedState
2016-09-10 15:49:23 DEBUG PersistanceController:32 - dispatch
2016-09-10 15:50:44 DEBUG App:48 - stop
2016-09-10 15:58:35 DEBUG App:73 - initConfiguration
2016-09-10 15:58:35 DEBUG App:53 - initStage
2016-09-10 15:58:35 DEBUG StoreService:22 - init store
2016-09-10 15:58:35 DEBUG PersistanceController:17 - constructor
2016-09-10 15:58:35 DEBUG PersistanceController:24 - getSavedState
2016-09-10 15:58:35 DEBUG PersistanceController:32 - dispatch
2016-09-10 15:59:52 DEBUG App:48 - stop
2016-09-10 16:02:31 DEBUG App:73 - initConfiguration
2016-09-10 16:02:31 DEBUG App:53 - initStage
2016-09-10 16:02:31 DEBUG StoreService:22 - init store
2016-09-10 16:02:31 DEBUG PersistanceController:17 - constructor
2016-09-10 16:02:31 DEBUG PersistanceController:24 - getSavedState
2016-09-10 16:02:31 DEBUG PersistanceController:32 - dispatch
2016-09-10 16:02:31 DEBUG Logger:16 - mytag--> ADD: AAAAAAAAAA
2016-09-10 16:02:31 DEBUG State$Reducer:44 - reduce: ADD: AAAAAAAAAA
2016-09-10 16:02:31 DEBUG Logger:18 - mytag<-- State{tasks=[Task{id=1, name=AAAAAAAAAA, checked=false}]}
2016-09-10 16:06:36 DEBUG App:73 - initConfiguration
2016-09-10 16:06:36 DEBUG App:53 - initStage
2016-09-10 16:06:37 DEBUG StoreService:22 - init store
2016-09-10 16:06:37 DEBUG PersistanceController:17 - constructor
2016-09-10 16:06:37 DEBUG PersistanceController:24 - getSavedState
2016-09-10 16:06:37 DEBUG PersistanceController:32 - dispatch
2016-09-10 16:06:37 DEBUG Logger:16 - mytag--> ADD: WAITING
2016-09-10 16:06:37 DEBUG State$Reducer:44 - reduce: ADD: WAITING
2016-09-10 16:06:37 DEBUG App:48 - stop
2016-09-10 16:06:40 DEBUG App:48 - stop
2016-09-10 16:06:55 DEBUG App:73 - initConfiguration
2016-09-10 16:06:55 DEBUG App:53 - initStage
2016-09-10 16:06:55 DEBUG StoreService:22 - init store
2016-09-10 16:06:55 DEBUG PersistanceController:17 - constructor
2016-09-10 16:06:55 DEBUG PersistanceController:24 - getSavedState
2016-09-10 16:06:55 DEBUG PersistanceController:32 - dispatch
2016-09-10 16:06:55 DEBUG Logger:16 - mytag--> ADD: WAITING
2016-09-10 16:06:55 DEBUG State$Reducer:44 - reduce: ADD: WAITING
2016-09-10 16:06:55 DEBUG App:48 - stop
2016-09-10 16:18:34 DEBUG App:73 - initConfiguration
2016-09-10 16:18:34 DEBUG App:53 - initStage
2016-09-10 16:18:34 DEBUG StoreService:22 - init store
2016-09-10 16:18:34 DEBUG PersistanceController:17 - constructor
2016-09-10 16:18:34 DEBUG PersistanceController:24 - getSavedState
2016-09-10 16:18:34 DEBUG App:48 - stop
2016-09-10 16:20:32 DEBUG App:73 - initConfiguration
2016-09-10 16:20:32 DEBUG App:53 - initStage
2016-09-10 16:20:33 DEBUG StoreService:22 - init store
2016-09-10 16:20:33 DEBUG PersistanceController:17 - constructor
2016-09-10 16:20:33 DEBUG PersistanceController:24 - getSavedState
2016-09-10 16:20:33 DEBUG App:48 - stop
2016-09-10 16:21:24 DEBUG App:73 - initConfiguration
2016-09-10 16:21:24 DEBUG App:53 - initStage
2016-09-10 16:21:28 DEBUG StoreService:22 - init store
2016-09-10 16:21:29 DEBUG PersistanceController:17 - constructor
2016-09-10 16:21:31 DEBUG PersistanceController:24 - getSavedState
2016-09-10 16:21:37 DEBUG App:48 - stop
2016-09-10 16:22:05 DEBUG App:73 - initConfiguration
2016-09-10 16:22:05 DEBUG App:53 - initStage
2016-09-10 16:22:05 DEBUG StoreService:22 - init store
2016-09-10 16:22:05 DEBUG PersistanceController:17 - constructor
2016-09-10 16:22:05 DEBUG PersistanceController:24 - getSavedState
2016-09-10 16:22:12 DEBUG PersistanceController:32 - dispatch
2016-09-10 16:22:12 DEBUG Logger:16 - mytag--> STATUS_CHANGED: WAITING
2016-09-10 16:22:12 DEBUG State$Reducer:46 - reduce: STATUS_CHANGED: WAITING
2016-09-10 16:22:12 DEBUG Logger:18 - mytag<-- State{status=WAITING, tasks=[]}
2016-09-10 16:22:16 DEBUG PersistanceController:32 - dispatch
2016-09-10 16:22:16 DEBUG Logger:16 - mytag--> STATUS_CHANGED: WAITING
2016-09-10 16:22:16 DEBUG State$Reducer:46 - reduce: STATUS_CHANGED: WAITING
2016-09-10 16:22:16 DEBUG Logger:18 - mytag<-- State{status=WAITING, tasks=[]}
2016-09-10 16:22:17 DEBUG PersistanceController:32 - dispatch
2016-09-10 16:22:17 DEBUG Logger:16 - mytag--> STATUS_CHANGED: WAITING
2016-09-10 16:22:17 DEBUG State$Reducer:46 - reduce: STATUS_CHANGED: WAITING
2016-09-10 16:22:17 DEBUG Logger:18 - mytag<-- State{status=WAITING, tasks=[]}
2016-09-10 16:22:18 DEBUG PersistanceController:32 - dispatch
2016-09-10 16:22:18 DEBUG Logger:16 - mytag--> STATUS_CHANGED: WAITING
2016-09-10 16:22:18 DEBUG State$Reducer:46 - reduce: STATUS_CHANGED: WAITING
2016-09-10 16:22:18 DEBUG Logger:18 - mytag<-- State{status=WAITING, tasks=[]}
2016-09-10 16:22:18 DEBUG PersistanceController:32 - dispatch
2016-09-10 16:22:18 DEBUG Logger:16 - mytag--> STATUS_CHANGED: WAITING
2016-09-10 16:22:18 DEBUG State$Reducer:46 - reduce: STATUS_CHANGED: WAITING
2016-09-10 16:22:18 DEBUG Logger:18 - mytag<-- State{status=WAITING, tasks=[]}
2016-09-10 16:22:18 DEBUG PersistanceController:32 - dispatch
2016-09-10 16:22:18 DEBUG Logger:16 - mytag--> STATUS_CHANGED: WAITING
2016-09-10 16:22:18 DEBUG State$Reducer:46 - reduce: STATUS_CHANGED: WAITING
2016-09-10 16:22:18 DEBUG Logger:18 - mytag<-- State{status=WAITING, tasks=[]}
2016-09-10 16:22:25 DEBUG App:48 - stop
2016-09-10 16:30:08 DEBUG App:73 - initConfiguration
2016-09-10 16:30:08 DEBUG App:53 - initStage
2016-09-10 16:30:08 DEBUG StoreService:26 - init store
2016-09-10 16:30:08 DEBUG PersistanceController:17 - constructor
2016-09-10 16:30:08 DEBUG PersistanceController:24 - getSavedState
2016-09-10 16:30:08 DEBUG StatusService:26 - getCurrentStatus:Unknown
2016-09-10 16:30:12 DEBUG App:48 - stop
2016-09-10 16:30:22 DEBUG App:73 - initConfiguration
2016-09-10 16:30:22 DEBUG App:53 - initStage
2016-09-10 16:30:22 DEBUG StoreService:26 - init store
2016-09-10 16:30:22 DEBUG PersistanceController:17 - constructor
2016-09-10 16:30:22 DEBUG PersistanceController:24 - getSavedState
2016-09-10 16:30:22 DEBUG StatusService:26 - getCurrentStatus:Unknown
2016-09-10 16:30:23 DEBUG Logger:16 - ActionLogger--> STATUS_CHANGED: WAITING
2016-09-10 16:30:23 DEBUG PersistanceController:32 - dispatch
2016-09-10 16:30:23 DEBUG StatusService:32 - dispatch
2016-09-10 16:30:23 DEBUG StatusService:35 - status changed
2016-09-10 16:30:23 DEBUG State$Reducer:46 - reduce: STATUS_CHANGED: WAITING
2016-09-10 16:30:23 DEBUG Logger:18 - ActionLogger<-- State{status=WAITING, tasks=[]}
2016-09-10 16:48:11 DEBUG App:73 - initConfiguration
2016-09-10 16:48:11 DEBUG App:53 - initStage
2016-09-10 16:48:11 DEBUG StoreService:26 - init store
2016-09-10 16:48:11 DEBUG PersistanceController:17 - constructor
2016-09-10 16:48:11 DEBUG PersistanceController:24 - getSavedState
2016-09-10 16:48:11 DEBUG StatusService:26 - getCurrentStatus:Unknown
2016-09-10 16:48:13 DEBUG Logger:16 - ActionLogger--> STATUS_CHANGED: WAITING
2016-09-10 16:48:13 DEBUG PersistanceController:32 - dispatch
2016-09-10 16:48:13 DEBUG StatusService:32 - dispatch
2016-09-10 16:48:13 DEBUG StatusService:35 - status changed to 
2016-09-10 16:48:13 DEBUG State$Reducer:46 - reduce: STATUS_CHANGED: WAITING
2016-09-10 16:48:42 DEBUG Logger:18 - ActionLogger<-- State{status=WAITING, tasks=[]}
2016-09-10 16:57:13 DEBUG App:48 - stop
2016-09-10 16:57:18 DEBUG App:73 - initConfiguration
2016-09-10 16:57:18 DEBUG App:53 - initStage
2016-09-10 16:57:18 DEBUG StoreService:26 - init store
2016-09-10 16:57:18 DEBUG PersistanceController:17 - constructor
2016-09-10 16:57:18 DEBUG PersistanceController:24 - getSavedState
2016-09-10 16:57:18 DEBUG StatusService:26 - getCurrentStatus:Unknown
2016-09-10 16:57:29 DEBUG Logger:16 - ActionLogger--> STATUS_CHANGED: WAITING
2016-09-10 16:57:29 DEBUG PersistanceController:32 - dispatch
2016-09-10 16:57:29 DEBUG StatusService:32 - dispatch
2016-09-10 16:57:29 DEBUG StatusService:35 - status changed to 
2016-09-10 16:57:29 DEBUG State$Reducer:46 - reduce: STATUS_CHANGED: WAITING
2016-09-10 16:57:29 DEBUG StatusPresenter:41 - ssssss
2016-09-10 16:57:29 DEBUG Logger:18 - ActionLogger<-- State{status=WAITING, tasks=[]}
2016-09-10 16:57:35 DEBUG Logger:16 - ActionLogger--> STATUS_CHANGED: WAITING
2016-09-10 16:57:35 DEBUG PersistanceController:32 - dispatch
2016-09-10 16:57:35 DEBUG StatusService:32 - dispatch
2016-09-10 16:57:35 DEBUG StatusService:35 - status changed to 
2016-09-10 16:57:35 DEBUG State$Reducer:46 - reduce: STATUS_CHANGED: WAITING
2016-09-10 16:57:35 DEBUG StatusPresenter:41 - ssssss
2016-09-10 16:57:35 DEBUG Logger:18 - ActionLogger<-- State{status=WAITING, tasks=[]}
2016-09-10 16:57:36 DEBUG Logger:16 - ActionLogger--> STATUS_CHANGED: WAITING
2016-09-10 16:57:36 DEBUG PersistanceController:32 - dispatch
2016-09-10 16:57:36 DEBUG StatusService:32 - dispatch
2016-09-10 16:57:36 DEBUG StatusService:35 - status changed to 
2016-09-10 16:57:36 DEBUG State$Reducer:46 - reduce: STATUS_CHANGED: WAITING
2016-09-10 16:57:36 DEBUG StatusPresenter:41 - ssssss
2016-09-10 16:57:36 DEBUG Logger:18 - ActionLogger<-- State{status=WAITING, tasks=[]}
2016-09-10 16:57:41 DEBUG Logger:16 - ActionLogger--> STATUS_CHANGED: WAITING
2016-09-10 16:57:41 DEBUG PersistanceController:32 - dispatch
2016-09-10 16:57:41 DEBUG StatusService:32 - dispatch
2016-09-10 16:57:41 DEBUG StatusService:35 - status changed to 
2016-09-10 16:57:41 DEBUG State$Reducer:46 - reduce: STATUS_CHANGED: WAITING
2016-09-10 16:57:41 DEBUG StatusPresenter:41 - ssssss
2016-09-10 16:57:41 DEBUG Logger:18 - ActionLogger<-- State{status=WAITING, tasks=[]}
2016-09-10 16:57:53 DEBUG App:48 - stop
2016-09-10 17:00:20 DEBUG App:73 - initConfiguration
2016-09-10 17:00:20 DEBUG App:53 - initStage
2016-09-10 17:00:20 DEBUG StoreService:26 - init store
2016-09-10 17:00:20 DEBUG PersistanceController:17 - constructor
2016-09-10 17:00:20 DEBUG PersistanceController:24 - getSavedState
2016-09-10 17:00:21 DEBUG Logger:16 - ActionLogger--> STATUS_CHANGED: WAITING
2016-09-10 17:00:21 DEBUG PersistanceController:32 - dispatch
2016-09-10 17:00:21 DEBUG StatusService:32 - dispatch
2016-09-10 17:00:21 DEBUG StatusService:35 - status changed to 
2016-09-10 17:00:21 DEBUG State$Reducer:46 - reduce: STATUS_CHANGED: WAITING
2016-09-10 17:00:21 DEBUG StatusPresenter:44 - event fired --> set status label
2016-09-10 17:00:21 DEBUG Logger:18 - ActionLogger<-- State{status=WAITING, tasks=[]}
2016-09-10 17:00:22 DEBUG Logger:16 - ActionLogger--> STATUS_CHANGED: WAITING
2016-09-10 17:00:22 DEBUG PersistanceController:32 - dispatch
2016-09-10 17:00:22 DEBUG StatusService:32 - dispatch
2016-09-10 17:00:22 DEBUG StatusService:35 - status changed to 
2016-09-10 17:00:22 DEBUG State$Reducer:46 - reduce: STATUS_CHANGED: WAITING
2016-09-10 17:00:22 DEBUG StatusPresenter:44 - event fired --> set status label
2016-09-10 17:00:22 DEBUG Logger:18 - ActionLogger<-- State{status=WAITING, tasks=[]}
2016-09-10 17:00:22 DEBUG Logger:16 - ActionLogger--> STATUS_CHANGED: WAITING
2016-09-10 17:00:22 DEBUG PersistanceController:32 - dispatch
2016-09-10 17:00:22 DEBUG StatusService:32 - dispatch
2016-09-10 17:00:22 DEBUG StatusService:35 - status changed to 
2016-09-10 17:00:22 DEBUG State$Reducer:46 - reduce: STATUS_CHANGED: WAITING
2016-09-10 17:00:22 DEBUG StatusPresenter:44 - event fired --> set status label
2016-09-10 17:00:22 DEBUG Logger:18 - ActionLogger<-- State{status=WAITING, tasks=[]}
2016-09-10 17:00:23 DEBUG Logger:16 - ActionLogger--> STATUS_CHANGED: WAITING
2016-09-10 17:00:23 DEBUG PersistanceController:32 - dispatch
2016-09-10 17:00:23 DEBUG StatusService:32 - dispatch
2016-09-10 17:00:23 DEBUG StatusService:35 - status changed to 
2016-09-10 17:00:23 DEBUG State$Reducer:46 - reduce: STATUS_CHANGED: WAITING
2016-09-10 17:00:23 DEBUG StatusPresenter:44 - event fired --> set status label
2016-09-10 17:00:23 DEBUG Logger:18 - ActionLogger<-- State{status=WAITING, tasks=[]}
2016-09-10 17:00:23 DEBUG Logger:16 - ActionLogger--> STATUS_CHANGED: WAITING
2016-09-10 17:00:23 DEBUG PersistanceController:32 - dispatch
2016-09-10 17:00:23 DEBUG StatusService:32 - dispatch
2016-09-10 17:00:23 DEBUG StatusService:35 - status changed to 
2016-09-10 17:00:23 DEBUG State$Reducer:46 - reduce: STATUS_CHANGED: WAITING
2016-09-10 17:00:23 DEBUG StatusPresenter:44 - event fired --> set status label
2016-09-10 17:00:23 DEBUG Logger:18 - ActionLogger<-- State{status=WAITING, tasks=[]}
2016-09-10 17:00:23 DEBUG Logger:16 - ActionLogger--> STATUS_CHANGED: WAITING
2016-09-10 17:00:23 DEBUG PersistanceController:32 - dispatch
2016-09-10 17:00:23 DEBUG StatusService:32 - dispatch
2016-09-10 17:00:23 DEBUG StatusService:35 - status changed to 
2016-09-10 17:00:23 DEBUG State$Reducer:46 - reduce: STATUS_CHANGED: WAITING
2016-09-10 17:00:23 DEBUG StatusPresenter:44 - event fired --> set status label
2016-09-10 17:00:23 DEBUG Logger:18 - ActionLogger<-- State{status=WAITING, tasks=[]}
2016-09-10 17:00:23 DEBUG Logger:16 - ActionLogger--> STATUS_CHANGED: WAITING
2016-09-10 17:00:23 DEBUG PersistanceController:32 - dispatch
2016-09-10 17:00:23 DEBUG StatusService:32 - dispatch
2016-09-10 17:00:23 DEBUG StatusService:35 - status changed to 
2016-09-10 17:00:23 DEBUG State$Reducer:46 - reduce: STATUS_CHANGED: WAITING
2016-09-10 17:00:23 DEBUG StatusPresenter:44 - event fired --> set status label
2016-09-10 17:00:23 DEBUG Logger:18 - ActionLogger<-- State{status=WAITING, tasks=[]}
2016-09-10 17:00:23 DEBUG Logger:16 - ActionLogger--> STATUS_CHANGED: WAITING
2016-09-10 17:00:23 DEBUG PersistanceController:32 - dispatch
2016-09-10 17:00:23 DEBUG StatusService:32 - dispatch
2016-09-10 17:00:23 DEBUG StatusService:35 - status changed to 
2016-09-10 17:00:23 DEBUG State$Reducer:46 - reduce: STATUS_CHANGED: WAITING
2016-09-10 17:00:23 DEBUG StatusPresenter:44 - event fired --> set status label
2016-09-10 17:00:23 DEBUG Logger:18 - ActionLogger<-- State{status=WAITING, tasks=[]}
2016-09-10 17:01:32 DEBUG App:48 - stop
2016-09-10 17:01:36 DEBUG App:73 - initConfiguration
2016-09-10 17:01:36 DEBUG App:53 - initStage
2016-09-10 17:01:36 DEBUG StoreService:26 - init store
2016-09-10 17:01:36 DEBUG PersistanceController:17 - constructor
2016-09-10 17:01:36 DEBUG PersistanceController:24 - getSavedState
2016-09-10 17:01:37 DEBUG Logger:16 - ActionLogger--> STATUS_CHANGED: WAITING
2016-09-10 17:01:37 DEBUG PersistanceController:32 - dispatch
2016-09-10 17:01:37 DEBUG StatusService:32 - dispatch
2016-09-10 17:01:37 DEBUG StatusService:35 - status changed to 
2016-09-10 17:01:37 DEBUG State$Reducer:46 - reduce: STATUS_CHANGED: WAITING
2016-09-10 17:01:37 DEBUG StatusPresenter:45 - event fired --> set status label
2016-09-10 17:01:37 DEBUG Logger:18 - ActionLogger<-- State{status=WAITING, tasks=[]}
2016-09-10 17:01:38 DEBUG Logger:16 - ActionLogger--> STATUS_CHANGED: WAITING
2016-09-10 17:01:38 DEBUG PersistanceController:32 - dispatch
2016-09-10 17:01:38 DEBUG StatusService:32 - dispatch
2016-09-10 17:01:38 DEBUG StatusService:35 - status changed to 
2016-09-10 17:01:38 DEBUG State$Reducer:46 - reduce: STATUS_CHANGED: WAITING
2016-09-10 17:01:38 DEBUG StatusPresenter:45 - event fired --> set status label
2016-09-10 17:01:38 DEBUG Logger:18 - ActionLogger<-- State{status=WAITING, tasks=[]}
2016-09-10 17:01:38 DEBUG Logger:16 - ActionLogger--> STATUS_CHANGED: WAITING
2016-09-10 17:01:38 DEBUG PersistanceController:32 - dispatch
2016-09-10 17:01:38 DEBUG StatusService:32 - dispatch
2016-09-10 17:01:38 DEBUG StatusService:35 - status changed to 
2016-09-10 17:01:38 DEBUG State$Reducer:46 - reduce: STATUS_CHANGED: WAITING
2016-09-10 17:01:38 DEBUG StatusPresenter:45 - event fired --> set status label
2016-09-10 17:01:38 DEBUG Logger:18 - ActionLogger<-- State{status=WAITING, tasks=[]}
2016-09-10 17:01:40 DEBUG App:48 - stop
2016-09-10 17:02:27 DEBUG App:73 - initConfiguration
2016-09-10 17:02:27 DEBUG App:53 - initStage
2016-09-10 17:02:27 DEBUG StoreService:26 - init store
2016-09-10 17:02:27 DEBUG PersistanceController:17 - constructor
2016-09-10 17:02:27 DEBUG PersistanceController:24 - getSavedState
2016-09-10 17:02:29 DEBUG Logger:16 - ActionLogger--> STATUS_CHANGED: WAITING
2016-09-10 17:02:29 DEBUG PersistanceController:32 - dispatch
2016-09-10 17:02:29 DEBUG StatusService:32 - dispatch
2016-09-10 17:02:29 DEBUG StatusService:35 - status changed to 
2016-09-10 17:02:29 DEBUG State$Reducer:46 - reduce: STATUS_CHANGED: WAITING
2016-09-10 17:02:29 DEBUG StatusPresenter:46 - event fired --> set status label Waiting
2016-09-10 17:02:29 DEBUG Logger:18 - ActionLogger<-- State{status=WAITING, tasks=[]}
2016-09-10 17:02:41 DEBUG App:48 - stop
2016-09-10 17:08:41 DEBUG App:73 - initConfiguration
2016-09-10 17:08:41 DEBUG App:53 - initStage
2016-09-10 17:08:41 DEBUG StoreService:26 - init store
2016-09-10 17:08:41 DEBUG PersistanceController:17 - constructor
2016-09-10 17:08:41 DEBUG PersistanceController:24 - getSavedState
2016-09-10 17:08:43 DEBUG Logger:16 - ActionLogger--> STATUS_CHANGED: WAITING
2016-09-10 17:08:43 DEBUG PersistanceController:32 - dispatch
2016-09-10 17:08:43 DEBUG StatusService:32 - dispatch
2016-09-10 17:08:43 DEBUG StatusService:35 - status changed to 
2016-09-10 17:08:43 DEBUG State$Reducer:46 - reduce: STATUS_CHANGED: WAITING
2016-09-10 17:08:43 DEBUG StatusPresenter:49 - event fired --> set status label Waiting
2016-09-10 17:08:43 DEBUG Logger:18 - ActionLogger<-- State{status=WAITING, tasks=[]}
2016-09-10 17:08:44 DEBUG Logger:16 - ActionLogger--> STATUS_CHANGED: WAITING
2016-09-10 17:08:44 DEBUG PersistanceController:32 - dispatch
2016-09-10 17:08:44 DEBUG StatusService:32 - dispatch
2016-09-10 17:08:44 DEBUG StatusService:35 - status changed to 
2016-09-10 17:08:44 DEBUG State$Reducer:46 - reduce: STATUS_CHANGED: WAITING
2016-09-10 17:08:44 DEBUG StatusPresenter:49 - event fired --> set status label Waiting
2016-09-10 17:08:44 DEBUG Logger:18 - ActionLogger<-- State{status=WAITING, tasks=[]}
2016-09-10 17:08:44 DEBUG Logger:16 - ActionLogger--> STATUS_CHANGED: WAITING
2016-09-10 17:08:44 DEBUG PersistanceController:32 - dispatch
2016-09-10 17:08:44 DEBUG StatusService:32 - dispatch
2016-09-10 17:08:44 DEBUG StatusService:35 - status changed to 
2016-09-10 17:08:44 DEBUG State$Reducer:46 - reduce: STATUS_CHANGED: WAITING
2016-09-10 17:08:44 DEBUG StatusPresenter:49 - event fired --> set status label Waiting
2016-09-10 17:08:44 DEBUG Logger:18 - ActionLogger<-- State{status=WAITING, tasks=[]}
2016-09-10 17:08:45 DEBUG App:48 - stop
2016-09-10 17:10:21 DEBUG App:73 - initConfiguration
2016-09-10 17:10:21 DEBUG App:53 - initStage
2016-09-10 17:10:22 DEBUG StoreService:26 - init store
2016-09-10 17:10:22 DEBUG PersistanceController:17 - constructor
2016-09-10 17:10:22 DEBUG PersistanceController:24 - getSavedState
2016-09-10 17:10:22 DEBUG App:48 - stop
2016-09-10 17:39:26 DEBUG App:73 - initConfiguration
2016-09-10 17:39:26 DEBUG App:53 - initStage
2016-09-10 17:39:26 DEBUG StoreService:26 - init store
2016-09-10 17:39:26 DEBUG PersistanceController:17 - constructor
2016-09-10 17:39:26 DEBUG PersistanceController:24 - getSavedState
2016-09-10 17:39:28 DEBUG Logger:16 - ActionLogger--> STATUS_CHANGED: WAITING
2016-09-10 17:39:28 DEBUG PersistanceController:32 - dispatch
2016-09-10 17:39:28 DEBUG StatusService:32 - dispatch
2016-09-10 17:39:28 DEBUG StatusService:35 - status changed to 
2016-09-10 17:39:28 DEBUG State$Reducer:46 - reduce: STATUS_CHANGED: WAITING
2016-09-10 17:39:28 DEBUG StatusPresenter:45 - event fired --> set status label Waiting
2016-09-10 17:39:28 DEBUG Logger:18 - ActionLogger<-- State{status=WAITING, tasks=[]}
2016-09-10 18:02:35 DEBUG App:73 - initConfiguration
2016-09-10 18:02:35 DEBUG App:53 - initStage
2016-09-10 18:02:35 DEBUG StoreService:24 - init store
2016-09-10 18:02:35 DEBUG PersistanceController:17 - constructor
2016-09-10 18:02:35 DEBUG PersistanceController:24 - getSavedState
2016-09-10 18:02:37 DEBUG Logger:16 - ActionLogger--> START
2016-09-10 18:02:37 DEBUG PersistanceController:32 - dispatch
2016-09-10 18:02:37 DEBUG State$Reducer:47 - reduce: START
2016-09-10 18:02:37 DEBUG StatusPresenter:38 - event fired --> set status label Init
2016-09-10 18:02:37 DEBUG Logger:18 - ActionLogger<-- State{status=INIT, tasks=[]}
2016-09-10 18:02:40 DEBUG Logger:16 - ActionLogger--> START
2016-09-10 18:02:40 DEBUG PersistanceController:32 - dispatch
2016-09-10 18:02:40 DEBUG State$Reducer:47 - reduce: START
2016-09-10 18:02:40 DEBUG StatusPresenter:38 - event fired --> set status label Init
2016-09-10 18:02:40 DEBUG Logger:18 - ActionLogger<-- State{status=INIT, tasks=[]}
